<?xml version="1.0" encoding="UTF-8"?>
<con:testSuite id="5efb520c-ec1e-4b3f-acbb-a320d2b88ffa" name="Test Suite 1" xmlns:con="http://eviware.com/soapui/config"><con:description>TestSuite generated for REST Service [http://localhost:8082]</con:description><con:settings/><con:runType>SEQUENTIAL</con:runType><con:testCase id="d9822cd9-62c7-4fc1-a68a-9f7a8e75244e" failOnError="true" failTestCaseOnErrors="true" keepSession="false" maxResults="0" name="http://localhost:8082 TestSuite" searchProperties="true"><con:settings/><con:testStep type="restrequest" name="student" id="78ac6f31-79cb-482f-8304-74ef52d2025c"><con:settings/><con:config service="http://localhost:8082" resourcePath="/student/{id}" methodName="student getAll" xsi:type="con:RestRequestStep" xmlns:xsi="http://www.w3.org/2001/XMLSchema-instance"><con:restRequest name="student" id="a8240d6b-6f03-47c2-9d82-1e962fe8e436" mediaType="application/json"><con:settings><con:setting id="com.eviware.soapui.impl.wsdl.WsdlRequest@request-headers">&lt;xml-fragment/></con:setting></con:settings><con:endpoint>http://localhost:8082</con:endpoint><con:request/><con:originalUri>http://localhost/student/</con:originalUri><con:assertion type="Valid HTTP Status Codes" id="e6c9f984-1d28-4fb4-b4c9-7c93e7aaf98c" name="Valid HTTP Status Codes"><con:configuration><codes>200</codes></con:configuration></con:assertion><con:credentials><con:authType>No Authorization</con:authType></con:credentials><con:jmsConfig JMSDeliveryMode="PERSISTENT"/><con:jmsPropertyConfig/><con:parameters><entry key="id" value="" xmlns="http://eviware.com/soapui/config"/></con:parameters><con:parameterOrder><con:entry>id</con:entry></con:parameterOrder></con:restRequest></con:config></con:testStep><con:testStep type="restrequest" name="student 1" id="51735068-215f-40e0-aa06-6df2a86324db"><con:settings/><con:config service="http://localhost:8082" resourcePath="/student/{id}" methodName="student getOne" xsi:type="con:RestRequestStep" xmlns:xsi="http://www.w3.org/2001/XMLSchema-instance"><con:restRequest name="student 1" id="488dc50b-42e2-42f1-a01d-10e546c2c75e" mediaType="application/json"><con:settings><con:setting id="com.eviware.soapui.impl.wsdl.WsdlRequest@request-headers">&lt;xml-fragment/></con:setting></con:settings><con:endpoint>http://localhost:8082</con:endpoint><con:request/><con:originalUri>http://localhost/student/1</con:originalUri><con:assertion type="Valid HTTP Status Codes" id="5c0f7b22-2d7e-499c-86cc-b7d8e0c5932f" name="Valid HTTP Status Codes"><con:configuration><codes>200</codes></con:configuration></con:assertion><con:credentials><con:authType>No Authorization</con:authType></con:credentials><con:jmsConfig JMSDeliveryMode="PERSISTENT"/><con:jmsPropertyConfig/><con:parameters><entry key="id" value="1" xmlns="http://eviware.com/soapui/config"/></con:parameters><con:parameterOrder><con:entry>id</con:entry></con:parameterOrder></con:restRequest></con:config></con:testStep><con:testStep type="restrequest" name="student 2" id="31a18138-01a2-4975-8b58-7d24d42471fe"><con:settings/><con:config service="http://localhost:8082" resourcePath="/student/ime/{ime}" methodName="student getIme" xsi:type="con:RestRequestStep" xmlns:xsi="http://www.w3.org/2001/XMLSchema-instance"><con:restRequest name="student 2" id="a6563386-4b60-4209-abbd-ce409791c0fe" mediaType="application/json"><con:settings><con:setting id="com.eviware.soapui.impl.wsdl.WsdlRequest@request-headers">&lt;xml-fragment/></con:setting></con:settings><con:endpoint>http://localhost:8082</con:endpoint><con:request/><con:originalUri>http://localhost/student/ime/petar</con:originalUri><con:assertion type="Valid HTTP Status Codes" id="4adaf559-296a-403a-9c15-7060216a2513" name="Valid HTTP Status Codes"><con:configuration><codes>200</codes></con:configuration></con:assertion><con:credentials><con:authType>No Authorization</con:authType></con:credentials><con:jmsConfig JMSDeliveryMode="PERSISTENT"/><con:jmsPropertyConfig/><con:parameters><entry key="ime" value="petar" xmlns="http://eviware.com/soapui/config"/></con:parameters><con:parameterOrder><con:entry>ime</con:entry></con:parameterOrder></con:restRequest></con:config></con:testStep><con:testStep type="restrequest" name="student 3" id="f9a9b629-ddcf-4eea-8b4e-d17c07e53c7d"><con:settings/><con:config service="http://localhost:8082" resourcePath="/student/prezime/{prezime}" methodName="student getPrezime" xsi:type="con:RestRequestStep" xmlns:xsi="http://www.w3.org/2001/XMLSchema-instance"><con:restRequest name="student 3" id="45b62eb0-bac7-4d00-84a0-8fc2c6eddfcd" mediaType="application/json"><con:settings><con:setting id="com.eviware.soapui.impl.wsdl.WsdlRequest@request-headers">&lt;xml-fragment/></con:setting></con:settings><con:endpoint>http://localhost:8082</con:endpoint><con:request/><con:originalUri>http://localhost/student/prezime/petric</con:originalUri><con:assertion type="Valid HTTP Status Codes" id="a5486cda-5797-4f64-8820-d23ea8788313" name="Valid HTTP Status Codes"><con:configuration><codes>200</codes></con:configuration></con:assertion><con:credentials><con:authType>No Authorization</con:authType></con:credentials><con:jmsConfig JMSDeliveryMode="PERSISTENT"/><con:jmsPropertyConfig/><con:parameters><entry key="prezime" value="markovic" xmlns="http://eviware.com/soapui/config"/></con:parameters><con:parameterOrder><con:entry>prezime</con:entry></con:parameterOrder></con:restRequest></con:config></con:testStep><con:testStep type="restrequest" name="student 4" id="41d3f22b-ada0-43a6-924f-d97d3316408e"><con:settings/><con:config service="http://localhost:8082" resourcePath="/student/brojIndeksa/{brojIndeksa}" methodName="student getBrojIndeksa" xsi:type="con:RestRequestStep" xmlns:xsi="http://www.w3.org/2001/XMLSchema-instance"><con:restRequest name="student 4" id="e3c8b6ae-ce86-4e40-9bb5-1bf1cd1ee53c" mediaType="application/json"><con:settings><con:setting id="com.eviware.soapui.impl.wsdl.WsdlRequest@request-headers">&lt;xml-fragment/></con:setting></con:settings><con:endpoint>http://localhost:8082</con:endpoint><con:request/><con:originalUri>http://localhost/student/brojIndeksa/001</con:originalUri><con:assertion type="Valid HTTP Status Codes" id="7a506266-6f15-41b1-abb3-2f64b7b18583" name="Valid HTTP Status Codes"><con:configuration><codes>200</codes></con:configuration></con:assertion><con:credentials><con:authType>No Authorization</con:authType></con:credentials><con:jmsConfig JMSDeliveryMode="PERSISTENT"/><con:jmsPropertyConfig/><con:parameters><entry key="brojIndeksa" value="003" xmlns="http://eviware.com/soapui/config"/></con:parameters><con:parameterOrder><con:entry>brojIndeksa</con:entry></con:parameterOrder></con:restRequest></con:config></con:testStep><con:testStep type="restrequest" name="student 5" id="f38239f9-f1c9-4661-81e2-b8c22fad6b48"><con:settings/><con:config service="http://localhost:8082" resourcePath="/student/" methodName="studentAdd" xsi:type="con:RestRequestStep" xmlns:xsi="http://www.w3.org/2001/XMLSchema-instance"><con:restRequest name="student 5" id="c12d70ec-d212-4ac8-b447-f0f924d1a8ed" mediaType="application/json" postQueryString="false"><con:settings><con:setting id="com.eviware.soapui.impl.wsdl.WsdlRequest@request-headers">&lt;xml-fragment/></con:setting></con:settings><con:endpoint>http://localhost:8082</con:endpoint><con:request> {
      "id": 34,
      "brojIndeksa": "034/2018",
      "ime": "Aleksa",
      "prezime": "Stoiljkovic",
      "grupa":       {
         "id": 11,
         "oznaka": "G 1 GE",
         "smer":          {
            "id": 6,
            "naziv": "geodezija i geomatika",
            "oznaka": "GE"
         }
      },
      "projekat":       {
         "id": 11,
         "naziv": "Uvod u geodeziju",
         "opis": "Izrada projekta iz predmeta Uvod u geodeziju",
         "oznaka": "G1 GE P1"
      }
   }</con:request><con:originalUri>http://localhost/student/</con:originalUri><con:assertion type="Valid HTTP Status Codes" id="87d72e7f-1a65-4b7f-9999-5ee4c138941e" name="Valid HTTP Status Codes"><con:configuration><codes>201</codes></con:configuration></con:assertion><con:credentials><con:authType>No Authorization</con:authType></con:credentials><con:jmsConfig JMSDeliveryMode="PERSISTENT"/><con:jmsPropertyConfig/><con:parameters/></con:restRequest></con:config></con:testStep><con:testStep type="restrequest" name="student 6" id="b02f5276-56ba-4102-ba7b-8e8faf1def09"><con:settings/><con:config service="http://localhost:8082" resourcePath="/student/34" methodName="studentUpdate" xsi:type="con:RestRequestStep" xmlns:xsi="http://www.w3.org/2001/XMLSchema-instance"><con:restRequest name="student 6" id="756d0667-577e-4a45-a4df-afa6b3ce6418" mediaType="application/json" postQueryString="false"><con:settings><con:setting id="com.eviware.soapui.impl.wsdl.WsdlRequest@request-headers">&lt;xml-fragment/></con:setting></con:settings><con:endpoint>http://localhost:8082</con:endpoint><con:request> {
      "id": 38,
      "brojIndeksa": "069/2018",
      "ime": "Aleksa",
      "prezime": "Stoiljkovic",
      "grupa":       {
         "id": 11,
         "oznaka": "G 1 GE",
         "smer":          {
            "id": 6,
            "naziv": "geodezija i geomatika",
            "oznaka": "GE"
         }
      },
      "projekat":       {
         "id": 11,
         "naziv": "Uvod u geodeziju",
         "opis": "Izrada projekta iz predmeta Uvod u geodeziju",
         "oznaka": "G1 GE P1"
      }
   }</con:request><con:originalUri>http://localhost/student/</con:originalUri><con:assertion type="Valid HTTP Status Codes" id="f8aaca8f-08b0-406f-8b55-7935b4b48d8e" name="Valid HTTP Status Codes"><con:configuration><codes>200</codes></con:configuration></con:assertion><con:credentials><con:authType>No Authorization</con:authType></con:credentials><con:jmsConfig JMSDeliveryMode="PERSISTENT"/><con:jmsPropertyConfig/><con:parameters/></con:restRequest></con:config></con:testStep><con:testStep type="restrequest" name="student 7" id="2b1096c9-2f33-482d-99ea-d406dfe72151"><con:settings/><con:config service="http://localhost:8082" resourcePath="/student/34" methodName="studentDelete" xsi:type="con:RestRequestStep" xmlns:xsi="http://www.w3.org/2001/XMLSchema-instance"><con:restRequest name="student 7" id="ea0a9fd1-75ff-4df2-aca9-9ca455ecd97b" mediaType="application/json" postQueryString="false"><con:settings><con:setting id="com.eviware.soapui.impl.wsdl.WsdlRequest@request-headers">&lt;xml-fragment/></con:setting></con:settings><con:endpoint>http://localhost:8082</con:endpoint><con:request/><con:originalUri>http://localhost/student/32</con:originalUri><con:assertion type="Valid HTTP Status Codes" id="b7a04a69-a637-4682-b629-7e001758a65b" name="Valid HTTP Status Codes"><con:configuration><codes>200</codes></con:configuration></con:assertion><con:credentials><con:authType>No Authorization</con:authType></con:credentials><con:jmsConfig JMSDeliveryMode="PERSISTENT"/><con:jmsPropertyConfig/><con:parameters/></con:restRequest></con:config></con:testStep><con:testStep type="restrequest" name="smer" id="e71e8a32-0aac-4366-bec2-86fbf8e2e729"><con:settings/><con:config service="http://localhost:8082" resourcePath="/smer/{id}" methodName="smer getAll" xsi:type="con:RestRequestStep" xmlns:xsi="http://www.w3.org/2001/XMLSchema-instance"><con:restRequest name="smer" id="fbc5ed34-aa7d-4a4d-9e2c-285afc65c941" mediaType="application/json"><con:settings><con:setting id="com.eviware.soapui.impl.wsdl.WsdlRequest@request-headers">&lt;xml-fragment/></con:setting></con:settings><con:endpoint>http://localhost:8082</con:endpoint><con:request/><con:originalUri>http://localhost/smer/</con:originalUri><con:assertion type="Valid HTTP Status Codes" id="f146f240-cc4a-4414-8df0-59a784212df5" name="Valid HTTP Status Codes"><con:configuration><codes>200</codes></con:configuration></con:assertion><con:credentials><con:authType>No Authorization</con:authType></con:credentials><con:jmsConfig JMSDeliveryMode="PERSISTENT"/><con:jmsPropertyConfig/><con:parameters><entry key="id" value="" xmlns="http://eviware.com/soapui/config"/></con:parameters><con:parameterOrder><con:entry>id</con:entry></con:parameterOrder></con:restRequest></con:config></con:testStep><con:testStep type="restrequest" name="smer 1" id="63dfde7b-0f58-45e3-a6e8-7a44d9e9fa66"><con:settings/><con:config service="http://localhost:8082" resourcePath="/smer/naziv/{naziv}" methodName="smer getNaziv" xsi:type="con:RestRequestStep" xmlns:xsi="http://www.w3.org/2001/XMLSchema-instance"><con:restRequest name="smer 1" id="6d71e246-9fdd-4ec2-920d-abd83cea8d15" mediaType="application/json"><con:settings><con:setting id="com.eviware.soapui.impl.wsdl.WsdlRequest@request-headers">&lt;xml-fragment/></con:setting></con:settings><con:endpoint>http://localhost:8082</con:endpoint><con:request/><con:originalUri>http://localhost/smer/naziv/energetika%2C%20elektronika%20i%20telekomunikacije</con:originalUri><con:assertion type="Valid HTTP Status Codes" id="b0ba7851-7a9f-4f3e-89b8-60c79d2dc0c9" name="Valid HTTP Status Codes"><con:configuration><codes>200</codes></con:configuration></con:assertion><con:credentials><con:authType>No Authorization</con:authType></con:credentials><con:jmsConfig JMSDeliveryMode="PERSISTENT"/><con:jmsPropertyConfig/><con:parameters><entry key="naziv" value="energetika, elektronika i telekomunikacije" xmlns="http://eviware.com/soapui/config"/></con:parameters><con:parameterOrder><con:entry>naziv</con:entry></con:parameterOrder></con:restRequest></con:config></con:testStep><con:testStep type="restrequest" name="smer 2" id="a70651f7-a2e5-4226-a77c-ca3d921ce606"><con:settings/><con:config service="http://localhost:8082" resourcePath="/smer/oznaka/{oznaka}" methodName="smer getOznaka" xsi:type="con:RestRequestStep" xmlns:xsi="http://www.w3.org/2001/XMLSchema-instance"><con:restRequest name="smer 2" id="7aa3b586-f90e-477e-aab4-79d7c975a5a9" mediaType="application/json"><con:settings><con:setting id="com.eviware.soapui.impl.wsdl.WsdlRequest@request-headers">&lt;xml-fragment/></con:setting></con:settings><con:endpoint>http://localhost:8082</con:endpoint><con:request/><con:originalUri>http://localhost/smer/oznaka/GRID</con:originalUri><con:assertion type="Valid HTTP Status Codes" id="a6361105-fda8-410f-8065-58fb3dc53960" name="Valid HTTP Status Codes"><con:configuration><codes>200</codes></con:configuration></con:assertion><con:credentials><con:authType>No Authorization</con:authType></con:credentials><con:jmsConfig JMSDeliveryMode="PERSISTENT"/><con:jmsPropertyConfig/><con:parameters><entry key="oznaka" value="GRID" xmlns="http://eviware.com/soapui/config"/></con:parameters><con:parameterOrder><con:entry>oznaka</con:entry></con:parameterOrder></con:restRequest></con:config></con:testStep><con:testStep type="restrequest" name="smer 3" id="eb52330f-891b-4910-a80d-2121773d7f17"><con:settings/><con:config service="http://localhost:8082" resourcePath="/smer/{id}" methodName="smer getOne" xsi:type="con:RestRequestStep" xmlns:xsi="http://www.w3.org/2001/XMLSchema-instance"><con:restRequest name="smer 3" id="f2a5a02e-338f-4c6c-a9c5-65637f8b2c13" mediaType="application/json"><con:settings><con:setting id="com.eviware.soapui.impl.wsdl.WsdlRequest@request-headers">&lt;xml-fragment/></con:setting></con:settings><con:endpoint>http://localhost:8082</con:endpoint><con:request/><con:originalUri>http://localhost/smer/1</con:originalUri><con:assertion type="Valid HTTP Status Codes" id="d6029748-0f56-463f-b1c0-c0cdc64261c0" name="Valid HTTP Status Codes"><con:configuration><codes>200</codes></con:configuration></con:assertion><con:credentials><con:authType>No Authorization</con:authType></con:credentials><con:jmsConfig JMSDeliveryMode="PERSISTENT"/><con:jmsPropertyConfig/><con:parameters><entry key="id" value="1" xmlns="http://eviware.com/soapui/config"/></con:parameters><con:parameterOrder><con:entry>id</con:entry></con:parameterOrder></con:restRequest></con:config></con:testStep><con:testStep type="restrequest" name="smer 4" id="499c20d9-483a-4bbf-b56b-52e7ac42469c"><con:settings/><con:config service="http://localhost:8082" resourcePath="/smer/" methodName="smerAdd" xsi:type="con:RestRequestStep" xmlns:xsi="http://www.w3.org/2001/XMLSchema-instance"><con:restRequest name="smer 4" id="0f1cf0ed-73e3-4d3a-924d-a6342aceac5a" mediaType="application/json" postQueryString="false"><con:settings><con:setting id="com.eviware.soapui.impl.wsdl.WsdlRequest@request-headers">&lt;xml-fragment/></con:setting></con:settings><con:endpoint>http://localhost:8082</con:endpoint><con:request>{
"id": 12,
"naziv": "menadzment",
"oznaka": "M"
}</con:request><con:originalUri>http://localhost/smer/12</con:originalUri><con:assertion type="Valid HTTP Status Codes" id="7f04df93-7495-4a4a-84e1-b51687aa05e0" name="Valid HTTP Status Codes"><con:configuration><codes>201</codes></con:configuration></con:assertion><con:credentials><con:authType>No Authorization</con:authType></con:credentials><con:jmsConfig JMSDeliveryMode="PERSISTENT"/><con:jmsPropertyConfig/><con:parameters/></con:restRequest></con:config></con:testStep><con:testStep type="restrequest" name="projekat" id="dde362f5-f6f7-44e2-a661-a805230235ce"><con:settings/><con:config service="http://localhost:8082" resourcePath="/projekat/{id}" methodName="projekat getAll" xsi:type="con:RestRequestStep" xmlns:xsi="http://www.w3.org/2001/XMLSchema-instance"><con:restRequest name="projekat" id="52fd4ab9-a34c-4f14-8329-94eb16933e6f" mediaType="application/json"><con:settings><con:setting id="com.eviware.soapui.impl.wsdl.WsdlRequest@request-headers">&lt;xml-fragment/></con:setting></con:settings><con:endpoint>http://localhost:8082</con:endpoint><con:request/><con:originalUri>http://localhost/projekat/</con:originalUri><con:assertion type="Valid HTTP Status Codes" id="0688d260-b8fa-423a-991d-ab63da24f924" name="Valid HTTP Status Codes"><con:configuration><codes>200</codes></con:configuration></con:assertion><con:credentials><con:authType>No Authorization</con:authType></con:credentials><con:jmsConfig JMSDeliveryMode="PERSISTENT"/><con:jmsPropertyConfig/><con:parameters><entry key="id" value="" xmlns="http://eviware.com/soapui/config"/></con:parameters><con:parameterOrder><con:entry>id</con:entry></con:parameterOrder></con:restRequest></con:config></con:testStep><con:testStep type="restrequest" name="projekat 1" id="93321a13-ea06-472b-9e09-a92b92f37b79"><con:settings/><con:config service="http://localhost:8082" resourcePath="/projekat/{id}" methodName="projekat getOne" xsi:type="con:RestRequestStep" xmlns:xsi="http://www.w3.org/2001/XMLSchema-instance"><con:restRequest name="projekat 1" id="4e62c0d8-8044-41e8-a1ad-7fa02a818289" mediaType="application/json"><con:settings><con:setting id="com.eviware.soapui.impl.wsdl.WsdlRequest@request-headers">&lt;xml-fragment/></con:setting></con:settings><con:endpoint>http://localhost:8082</con:endpoint><con:request/><con:originalUri>http://localhost/projekat/3</con:originalUri><con:assertion type="Valid HTTP Status Codes" id="d8a3c36e-857e-45d5-96b9-78a3a9cb6eb1" name="Valid HTTP Status Codes"><con:configuration><codes>200</codes></con:configuration></con:assertion><con:credentials><con:authType>No Authorization</con:authType></con:credentials><con:jmsConfig JMSDeliveryMode="PERSISTENT"/><con:jmsPropertyConfig/><con:parameters><entry key="id" value="3" xmlns="http://eviware.com/soapui/config"/></con:parameters><con:parameterOrder><con:entry>id</con:entry></con:parameterOrder></con:restRequest></con:config></con:testStep><con:testStep type="restrequest" name="projekat 2" id="eb86afcb-4abb-4d93-80f6-8911553fb6c1"><con:settings/><con:config service="http://localhost:8082" resourcePath="/projekat/naziv/{naziv}" methodName="projekat getNaziv" xsi:type="con:RestRequestStep" xmlns:xsi="http://www.w3.org/2001/XMLSchema-instance"><con:restRequest name="projekat 2" id="3aa73ddd-b491-457d-97a4-22be1dbb01d3" mediaType="application/json"><con:settings><con:setting id="com.eviware.soapui.impl.wsdl.WsdlRequest@request-headers">&lt;xml-fragment/></con:setting></con:settings><con:endpoint>http://localhost:8082</con:endpoint><con:request/><con:originalUri>http://localhost/projekat/naziv/Energija%2C%20drustvo%20i%20okruzenje</con:originalUri><con:assertion type="Valid HTTP Status Codes" id="8b321d8e-6b41-4fc3-b195-634ba1b1d8b6" name="Valid HTTP Status Codes"><con:configuration><codes>200</codes></con:configuration></con:assertion><con:credentials><con:authType>No Authorization</con:authType></con:credentials><con:jmsConfig JMSDeliveryMode="PERSISTENT"/><con:jmsPropertyConfig/><con:parameters><entry key="naziv" value="Energija, drustvo i okruzenje" xmlns="http://eviware.com/soapui/config"/></con:parameters><con:parameterOrder><con:entry>naziv</con:entry></con:parameterOrder></con:restRequest></con:config></con:testStep><con:testStep type="restrequest" name="projekat 3" id="476ffa90-6507-4b7f-8003-cdf8cac34b65"><con:settings/><con:config service="http://localhost:8082" resourcePath="/projekat/oznaka/{oznaka}" methodName="projekat getOznaka" xsi:type="con:RestRequestStep" xmlns:xsi="http://www.w3.org/2001/XMLSchema-instance"><con:restRequest name="projekat 3" id="c8b7f739-87cd-4b30-b0fb-43808434c5d5" mediaType="application/json"><con:settings><con:setting id="com.eviware.soapui.impl.wsdl.WsdlRequest@request-headers">&lt;xml-fragment/></con:setting></con:settings><con:endpoint>http://localhost:8082</con:endpoint><con:request/><con:originalUri>http://localhost/projekat/oznaka/G2%20E1%20P2</con:originalUri><con:assertion type="Valid HTTP Status Codes" id="08d26da6-364f-4641-a744-8437fd184fbc" name="Valid HTTP Status Codes"><con:configuration><codes>200</codes></con:configuration></con:assertion><con:credentials><con:authType>No Authorization</con:authType></con:credentials><con:jmsConfig JMSDeliveryMode="PERSISTENT"/><con:jmsPropertyConfig/><con:parameters><entry key="oznaka" value="G2 E1 P2" xmlns="http://eviware.com/soapui/config"/></con:parameters><con:parameterOrder><con:entry>oznaka</con:entry></con:parameterOrder></con:restRequest></con:config></con:testStep><con:testStep type="restrequest" name="projekat 4" id="e2256b98-d7b8-45d5-afe5-97dc9edc920c"><con:settings/><con:config service="http://localhost:8082" resourcePath="/projekat/" methodName="projekatAdd" xsi:type="con:RestRequestStep" xmlns:xsi="http://www.w3.org/2001/XMLSchema-instance"><con:restRequest name="projekat 4" id="14390c7b-354e-4960-91a9-75ca62146c62" mediaType="application/json" postQueryString="false"><con:settings><con:setting id="com.eviware.soapui.impl.wsdl.WsdlRequest@request-headers">&lt;xml-fragment/></con:setting></con:settings><con:endpoint>http://localhost:8082</con:endpoint><con:request>{
"id": 23,
"naziv": "Preduzetnistvo",
"opis": "seminarskog iz predmeta Preduzetnistvo",
"oznaka": "G2 IM P2"
}</con:request><con:originalUri>http://localhost/projekat/</con:originalUri><con:assertion type="Valid HTTP Status Codes" id="0c0c5a85-2000-44a7-9088-8e380b05bed0" name="Valid HTTP Status Codes"><con:configuration><codes>201</codes></con:configuration></con:assertion><con:credentials><con:authType>No Authorization</con:authType></con:credentials><con:jmsConfig JMSDeliveryMode="PERSISTENT"/><con:jmsPropertyConfig/><con:parameters/></con:restRequest></con:config></con:testStep><con:testStep type="restrequest" name="grupa" id="fa6be6a5-ae34-49ca-b48a-1e471dd3b7ee"><con:settings/><con:config service="http://localhost:8082" resourcePath="/grupa/{id}" methodName="grupa getAll" xsi:type="con:RestRequestStep" xmlns:xsi="http://www.w3.org/2001/XMLSchema-instance"><con:restRequest name="grupa" id="c935cade-a793-48b9-8b5a-6c252c852ac5" mediaType="application/json"><con:settings><con:setting id="com.eviware.soapui.impl.wsdl.WsdlRequest@request-headers">&lt;xml-fragment/></con:setting></con:settings><con:endpoint>http://localhost:8082</con:endpoint><con:request/><con:originalUri>http://localhost/grupa/</con:originalUri><con:assertion type="Valid HTTP Status Codes" id="91a74935-b0d4-4100-bf3c-6411f2af12ce" name="Valid HTTP Status Codes"><con:configuration><codes>200</codes></con:configuration></con:assertion><con:credentials><con:authType>No Authorization</con:authType></con:credentials><con:jmsConfig JMSDeliveryMode="PERSISTENT"/><con:jmsPropertyConfig/><con:parameters><entry key="id" value="" xmlns="http://eviware.com/soapui/config"/></con:parameters><con:parameterOrder><con:entry>id</con:entry></con:parameterOrder></con:restRequest></con:config></con:testStep><con:testStep type="restrequest" name="grupa 1" id="96fb209d-0ba0-435a-abd0-47494c12e0ab"><con:settings/><con:config service="http://localhost:8082" resourcePath="/grupa/{id}" methodName="grupa getOne" xsi:type="con:RestRequestStep" xmlns:xsi="http://www.w3.org/2001/XMLSchema-instance"><con:restRequest name="grupa 1" id="e655d761-8a31-4717-ab2c-db7ffdce4e18" mediaType="application/json"><con:settings><con:setting id="com.eviware.soapui.impl.wsdl.WsdlRequest@request-headers">&lt;xml-fragment/></con:setting></con:settings><con:endpoint>http://localhost:8082</con:endpoint><con:request/><con:originalUri>http://localhost/grupa/1</con:originalUri><con:assertion type="Valid HTTP Status Codes" id="13b64d00-75e9-47d1-ba9d-7817634c574e" name="Valid HTTP Status Codes"><con:configuration><codes>200</codes></con:configuration></con:assertion><con:credentials><con:authType>No Authorization</con:authType></con:credentials><con:jmsConfig JMSDeliveryMode="PERSISTENT"/><con:jmsPropertyConfig/><con:parameters><entry key="id" value="1" xmlns="http://eviware.com/soapui/config"/></con:parameters><con:parameterOrder><con:entry>id</con:entry></con:parameterOrder></con:restRequest></con:config></con:testStep><con:testStep type="restrequest" name="grupa 2" id="fa339798-e92b-43d8-a0f3-d7ae76b3bbeb"><con:settings/><con:config service="http://localhost:8082" resourcePath="/grupa/oznaka/{oznaka}" methodName="grupa getOznaka" xsi:type="con:RestRequestStep" xmlns:xsi="http://www.w3.org/2001/XMLSchema-instance"><con:restRequest name="grupa 2" id="05c3f5d6-524e-4173-8762-4414ee46ffa0" mediaType="application/json"><con:settings><con:setting id="com.eviware.soapui.impl.wsdl.WsdlRequest@request-headers">&lt;xml-fragment/></con:setting></con:settings><con:endpoint>http://localhost:8082</con:endpoint><con:request/><con:originalUri>http://localhost/grupa/oznaka/G1%20II%20P1</con:originalUri><con:assertion type="Valid HTTP Status Codes" id="c27d3237-3f2f-41f6-83ec-4cc98d9d3016" name="Valid HTTP Status Codes"><con:configuration><codes>200</codes></con:configuration></con:assertion><con:credentials><con:authType>No Authorization</con:authType></con:credentials><con:jmsConfig JMSDeliveryMode="PERSISTENT"/><con:jmsPropertyConfig/><con:parameters><entry key="oznaka" value="AH" xmlns="http://eviware.com/soapui/config"/></con:parameters><con:parameterOrder><con:entry>oznaka</con:entry></con:parameterOrder></con:restRequest></con:config></con:testStep><con:testStep type="restrequest" name="grupa 3" id="1f316a54-a8b7-4328-be2c-a9db2ac1ef03"><con:settings/><con:config service="http://localhost:8082" resourcePath="/grupa/" methodName="grupaAdd" xsi:type="con:RestRequestStep" xmlns:xsi="http://www.w3.org/2001/XMLSchema-instance"><con:restRequest name="grupa 3" id="27ac42b3-4cb2-4323-b4e7-0f1e1cfc55bf" mediaType="application/json" postQueryString="false"><con:settings><con:setting id="com.eviware.soapui.impl.wsdl.WsdlRequest@request-headers">&lt;xml-fragment/></con:setting></con:settings><con:endpoint>http://localhost:8082</con:endpoint><con:request>{
"id": 23,
"oznaka": "G 3 AN",
"smer": {
"id": 1,
"naziv": "animacija u inzenjerstvu",
"oznaka": "AN"
}
}</con:request><con:originalUri>http://localhost/grupa/</con:originalUri><con:assertion type="Valid HTTP Status Codes" id="ecc9c7fd-2610-4334-a8aa-412177290852" name="Valid HTTP Status Codes"><con:configuration><codes>201</codes></con:configuration></con:assertion><con:credentials><con:authType>No Authorization</con:authType></con:credentials><con:jmsConfig JMSDeliveryMode="PERSISTENT"/><con:jmsPropertyConfig/><con:parameters/></con:restRequest></con:config></con:testStep><con:testStep type="restrequest" name="smer 5" id="811fa9fc-04b0-4730-9794-01d0c5042b5f"><con:settings/><con:config service="http://localhost:8082" resourcePath="/smer/12" methodName="smerUpdate" xsi:type="con:RestRequestStep" xmlns:xsi="http://www.w3.org/2001/XMLSchema-instance"><con:restRequest name="smer 5" id="ea19dd34-949b-4d9e-9aa7-b2c7b0bae72a" mediaType="application/json" postQueryString="false"><con:settings><con:setting id="com.eviware.soapui.impl.wsdl.WsdlRequest@request-headers">&lt;xml-fragment/></con:setting></con:settings><con:endpoint>http://localhost:8082</con:endpoint><con:request>{
"id": 12,
"naziv": "menadzment",
"oznaka": "MN"
}</con:request><con:originalUri>http://localhost/smer/12</con:originalUri><con:assertion type="Valid HTTP Status Codes" id="1a7b6689-944b-4a50-ab27-fcf2187ccc65" name="Valid HTTP Status Codes"><con:configuration><codes>200</codes></con:configuration></con:assertion><con:credentials><con:authType>No Authorization</con:authType></con:credentials><con:jmsConfig JMSDeliveryMode="PERSISTENT"/><con:jmsPropertyConfig/><con:parameters/></con:restRequest></con:config></con:testStep><con:testStep type="restrequest" name="smer 6" id="605306fc-f55d-4e24-b3f9-e199b6f2eeb0"><con:settings/><con:config service="http://localhost:8082" resourcePath="/smer/12" methodName="smerDelete" xsi:type="con:RestRequestStep" xmlns:xsi="http://www.w3.org/2001/XMLSchema-instance"><con:restRequest name="smer 6" id="daef290c-8c1c-4fc9-8ab1-38ac9e269f8b" mediaType="application/json" postQueryString="false"><con:settings><con:setting id="com.eviware.soapui.impl.wsdl.WsdlRequest@request-headers">&lt;xml-fragment/></con:setting></con:settings><con:endpoint>http://localhost:8082</con:endpoint><con:request/><con:originalUri>http://localhost/smer/12</con:originalUri><con:assertion type="Valid HTTP Status Codes" id="4a3fde0f-a988-4d44-9905-71bc38d4b30c" name="Valid HTTP Status Codes"><con:configuration><codes>200</codes></con:configuration></con:assertion><con:credentials><con:authType>No Authorization</con:authType></con:credentials><con:jmsConfig JMSDeliveryMode="PERSISTENT"/><con:jmsPropertyConfig/><con:parameters/></con:restRequest></con:config></con:testStep><con:testStep type="restrequest" name="projekat 5" id="b8eaef02-2b17-4e6c-9688-65720c068297"><con:settings/><con:config service="http://localhost:8082" resourcePath="/projekat/23" methodName="projekatUpdate" xsi:type="con:RestRequestStep" xmlns:xsi="http://www.w3.org/2001/XMLSchema-instance"><con:restRequest name="projekat 5" id="1919f319-b075-4e8d-87e0-fac209c8baf4" mediaType="application/json" postQueryString="false"><con:settings><con:setting id="com.eviware.soapui.impl.wsdl.WsdlRequest@request-headers">&lt;xml-fragment/></con:setting></con:settings><con:endpoint>http://localhost:8082</con:endpoint><con:request>{
"id": 23,
"naziv": "Preduzetnistvo",
"opis": "seminarskog iz predmeta Preduzetnistvo",
"oznaka": "SM"
}</con:request><con:originalUri>http://localhost/projekat/23</con:originalUri><con:assertion type="Valid HTTP Status Codes" id="f2e07b25-8446-4d22-8988-64eb877646f2" name="Valid HTTP Status Codes"><con:configuration><codes>200</codes></con:configuration></con:assertion><con:credentials><con:authType>No Authorization</con:authType></con:credentials><con:jmsConfig JMSDeliveryMode="PERSISTENT"/><con:jmsPropertyConfig/><con:parameters/></con:restRequest></con:config></con:testStep><con:testStep type="restrequest" name="projekat 6" id="a113eddf-049c-491c-bb01-29a38d7d1d5a"><con:settings/><con:config service="http://localhost:8082" resourcePath="/projekat/23" methodName="projekatDelete" xsi:type="con:RestRequestStep" xmlns:xsi="http://www.w3.org/2001/XMLSchema-instance"><con:restRequest name="projekat 6" id="5af41e6e-ab50-4508-a6fa-c06de8ab62ee" mediaType="application/json" postQueryString="false"><con:settings><con:setting id="com.eviware.soapui.impl.wsdl.WsdlRequest@request-headers">&lt;xml-fragment/></con:setting></con:settings><con:endpoint>http://localhost:8082</con:endpoint><con:request/><con:originalUri>http://localhost/projekat/23</con:originalUri><con:assertion type="Valid HTTP Status Codes" id="03f0d34f-bd6e-4bd3-b591-fc6c785c22a3" name="Valid HTTP Status Codes"><con:configuration><codes>200</codes></con:configuration></con:assertion><con:credentials><con:authType>No Authorization</con:authType></con:credentials><con:jmsConfig JMSDeliveryMode="PERSISTENT"/><con:jmsPropertyConfig/><con:parameters/></con:restRequest></con:config></con:testStep><con:testStep type="restrequest" name="grupa 4" id="64bc4192-5949-44d8-a8f4-e815664c4924"><con:settings/><con:config service="http://localhost:8082" resourcePath="/grupa/23" methodName="grupaUpdate" xsi:type="con:RestRequestStep" xmlns:xsi="http://www.w3.org/2001/XMLSchema-instance"><con:restRequest name="grupa 4" id="da926e69-787b-43b5-9b09-a375789adf64" mediaType="application/json" postQueryString="false"><con:settings><con:setting id="com.eviware.soapui.impl.wsdl.WsdlRequest@request-headers">&lt;xml-fragment/></con:setting></con:settings><con:endpoint>http://localhost:8082</con:endpoint><con:request>{
"id": 23,
"oznaka": "G 4 AN",
"smer": {
"id": 1,
"naziv": "animacija u inzenjerstvu",
"oznaka": "AN"
}
}</con:request><con:originalUri>http://localhost/grupa/</con:originalUri><con:assertion type="Valid HTTP Status Codes" id="891bce7f-de7f-43c2-97b9-a629ffd7ed66" name="Valid HTTP Status Codes"><con:configuration><codes>200</codes></con:configuration></con:assertion><con:credentials><con:authType>No Authorization</con:authType></con:credentials><con:jmsConfig JMSDeliveryMode="PERSISTENT"/><con:jmsPropertyConfig/><con:parameters/></con:restRequest></con:config></con:testStep><con:testStep type="restrequest" name="grupa 5" id="c159c03e-ccf7-4a67-b636-170fbb68e2dd"><con:settings/><con:config service="http://localhost:8082" resourcePath="/grupa/23" methodName="grupaDelete" xsi:type="con:RestRequestStep" xmlns:xsi="http://www.w3.org/2001/XMLSchema-instance"><con:restRequest name="grupa 5" id="7406a8a7-2e91-4fab-85c7-3bf7c28fa3cc" mediaType="application/json" postQueryString="false"><con:settings><con:setting id="com.eviware.soapui.impl.wsdl.WsdlRequest@request-headers">&lt;xml-fragment/></con:setting></con:settings><con:endpoint>http://localhost:8082</con:endpoint><con:request/><con:originalUri>http://localhost/grupa/23</con:originalUri><con:assertion type="Valid HTTP Status Codes" id="d1cadea1-bba2-4b02-8bf9-06c00177d983" name="Valid HTTP Status Codes"><con:configuration><codes>200</codes></con:configuration></con:assertion><con:credentials><con:authType>No Authorization</con:authType></con:credentials><con:jmsConfig JMSDeliveryMode="PERSISTENT"/><con:jmsPropertyConfig/><con:parameters/></con:restRequest></con:config></con:testStep><con:loadTest id="8c9ef102-5865-41d5-a9fb-1aad1ee8c35e" name="LoadTest 1"><con:settings><con:setting id="HttpSettings@close-connections">false</con:setting></con:settings><con:threadCount>5</con:threadCount><con:startDelay>0</con:startDelay><con:sampleInterval>250</con:sampleInterval><con:calculateTPSOnTimePassed>true</con:calculateTPSOnTimePassed><con:resetStatisticsOnThreadCountChange>true</con:resetStatisticsOnThreadCountChange><con:historyLimit>-1</con:historyLimit><con:testLimit>60</con:testLimit><con:limitType>TIME</con:limitType><con:loadStrategy><con:type>Simple</con:type></con:loadStrategy><con:assertion type="Step Status" name="Step Status"/><con:maxAssertionErrors>100</con:maxAssertionErrors><con:cancelExcessiveThreads>true</con:cancelExcessiveThreads><con:strategyInterval>500</con:strategyInterval></con:loadTest><con:properties/></con:testCase><con:properties/></con:testSuite>